<?xml version="1.0" encoding="UTF-8"?>
<!-- Generated by org.testng.reporters.JUnitReportReporter -->
<testsuite skipped="0" hostname="DESKTOP-EDH5CLB" name="com.employee.TestCases.TC005_DELETERecord" tests="3" failures="0" timestamp="2022-09-13T17:53:48 IST" time="0.156" errors="0">
  <testcase name="checkResponseBody" time="0.124" classname="com.employee.TestCases.TC005_DELETERecord"/>
  <system-out/>
  <testcase name="checkStatusCode" time="0.016" classname="com.employee.TestCases.TC005_DELETERecord"/>
  <system-out/>
  <testcase name="checkStatusLine" time="0.016" classname="com.employee.TestCases.TC005_DELETERecord"/>
  <system-out/>
</testsuite> <!-- com.employee.TestCases.TC005_DELETERecord -->
