<?xml version="1.0" encoding="UTF-8"?>
<!-- Generated by org.testng.reporters.JUnitReportReporter -->
<testsuite skipped="0" hostname="DESKTOP-EDH5CLB" name="com.employee.TestCases.TC002_GET_SingleEmployeeData" tests="3" failures="0" timestamp="2022-09-13T11:21:14 IST" time="0.132" errors="0">
  <testcase name="checkResponseBody" time="0.102" classname="com.employee.TestCases.TC002_GET_SingleEmployeeData"/>
  <system-out/>
  <testcase name="checkResponseTime" time="0.014" classname="com.employee.TestCases.TC002_GET_SingleEmployeeData"/>
  <system-out/>
  <testcase name="checkStatusCode" time="0.016" classname="com.employee.TestCases.TC002_GET_SingleEmployeeData"/>
  <system-out/>
</testsuite> <!-- com.employee.TestCases.TC002_GET_SingleEmployeeData -->
