<?xml version="1.0" encoding="UTF-8"?>
<!-- Generated by org.testng.reporters.JUnitReportReporter -->
<testsuite skipped="0" hostname="DESKTOP-EDH5CLB" name="com.employee.TestCases.TC001_GET_AllEmployeeData" tests="7" failures="0" timestamp="2022-09-13T18:07:28 IST" time="0.149" errors="0">
  <testcase name="tearDown" time="0.008" classname="com.employee.TestCases.TC001_GET_AllEmployeeData"/>
  <system-out/>
  <testcase name="checkStatusLine" time="0.008" classname="com.employee.TestCases.TC001_GET_AllEmployeeData"/>
  <system-out/>
  <testcase name="checkResponseTime" time="0.008" classname="com.employee.TestCases.TC001_GET_AllEmployeeData"/>
  <system-out/>
  <testcase name="checkStatusCode" time="0.008" classname="com.employee.TestCases.TC001_GET_AllEmployeeData"/>
  <system-out/>
  <testcase name="checkContentEncoding" time="0.029" classname="com.employee.TestCases.TC001_GET_AllEmployeeData"/>
  <system-out/>
  <testcase name="checkResponseBody" time="0.080" classname="com.employee.TestCases.TC001_GET_AllEmployeeData"/>
  <system-out/>
  <testcase name="checkServerType" time="0.008" classname="com.employee.TestCases.TC001_GET_AllEmployeeData"/>
  <system-out/>
</testsuite> <!-- com.employee.TestCases.TC001_GET_AllEmployeeData -->
